<?xml version="1.0" encoding="UTF-8"?>
<!-- Generated by org.testng.reporters.JUnitReportReporter -->
<testsuite hostname="LTIN518716" failures="0" tests="5" name="testCases.TC_001_CarWashingSrvcsDetails" time="44.340" errors="0" timestamp="2024-03-06T00:17:06 IST" skipped="0">
  <testcase classname="testCases.TC_001_CarWashingSrvcsDetails" name="checkLocation" time="8.368"/>
  <testcase classname="testCases.TC_001_CarWashingSrvcsDetails" name="searchCarWashingSrvcs" time="7.355"/>
  <testcase classname="testCases.TC_001_CarWashingSrvcsDetails" name="applyFilters" time="2.372"/>
  <testcase classname="testCases.TC_001_CarWashingSrvcsDetails" name="clickContactButton" time="23.568"/>
  <testcase classname="testCases.TC_001_CarWashingSrvcsDetails" name="printCarWashingSrvcsDetails" time="2.677"/>
</testsuite> <!-- testCases.TC_001_CarWashingSrvcsDetails -->
