<?xml version="1.0" encoding="UTF-8"?>
<!-- Generated by org.testng.reporters.JUnitReportReporter -->
<testsuite hostname="LTIN518716" failures="0" tests="3" name="testCases.TC_003_GymsSubList" time="5.631" errors="0" timestamp="2024-03-09T00:36:02 IST" skipped="0">
  <testcase classname="testCases.TC_003_GymsSubList" name="clickGymSection" time="0.794"/>
  <testcase classname="testCases.TC_003_GymsSubList" name="printGymSubList" time="2.839"/>
  <testcase classname="testCases.TC_003_GymsSubList" name="printSubMenuList" time="1.998"/>
</testsuite> <!-- testCases.TC_003_GymsSubList -->
