<?xml version="1.0" encoding="UTF-8"?>
<!-- Generated by org.testng.reporters.JUnitReportReporter -->
<testsuite hostname="LTIN518716" failures="0" tests="4" name="testCases.TC_002_LauchFreeListing" time="8.150" errors="0" timestamp="2024-03-06T00:17:06 IST" skipped="0">
  <testcase classname="testCases.TC_002_LauchFreeListing" name="launchFreeListing" time="2.976"/>
  <testcase classname="testCases.TC_002_LauchFreeListing" name="clickStartNowBtn" time="2.047"/>
  <testcase classname="testCases.TC_002_LauchFreeListing" name="printInvalidMessage" time="2.020"/>
  <testcase classname="testCases.TC_002_LauchFreeListing" name="navigateBack" time="1.107"/>
</testsuite> <!-- testCases.TC_002_LauchFreeListing -->
