<?xml version="1.0" encoding="UTF-8"?>
<!-- Generated by org.testng.reporters.JUnitReportReporter -->
<testsuite hostname="LTIN518716" failures="0" tests="4" name="testCases.TC_002_LauchFreeListing" time="9.437" errors="0" timestamp="2024-03-09T00:36:02 IST" skipped="0">
  <testcase classname="testCases.TC_002_LauchFreeListing" name="launchFreeListing" time="3.621"/>
  <testcase classname="testCases.TC_002_LauchFreeListing" name="clickStartNowBtn" time="2.145"/>
  <testcase classname="testCases.TC_002_LauchFreeListing" name="printInvalidMessage" time="2.061"/>
  <testcase classname="testCases.TC_002_LauchFreeListing" name="navigateBack" time="1.610"/>
</testsuite> <!-- testCases.TC_002_LauchFreeListing -->
