<?xml version="1.0" encoding="UTF-8"?>
<!-- Generated by org.testng.reporters.JUnitReportReporter -->
<testsuite hostname="LTIN518716" failures="0" tests="5" name="testCases.TC_001_CarWashingSrvcsDetails" time="37.682" errors="0" timestamp="2024-03-09T00:36:02 IST" skipped="0">
  <testcase classname="testCases.TC_001_CarWashingSrvcsDetails" name="checkLocation" time="8.597"/>
  <testcase classname="testCases.TC_001_CarWashingSrvcsDetails" name="searchCarWashingSrvcs" time="8.449"/>
  <testcase classname="testCases.TC_001_CarWashingSrvcsDetails" name="applyFilters" time="2.693"/>
  <testcase classname="testCases.TC_001_CarWashingSrvcsDetails" name="clickContactButton" time="14.403"/>
  <testcase classname="testCases.TC_001_CarWashingSrvcsDetails" name="printCarWashingSrvcsDetails" time="3.540"/>
</testsuite> <!-- testCases.TC_001_CarWashingSrvcsDetails -->
