<?xml version="1.0" encoding="UTF-8"?>
<!-- Generated by org.testng.reporters.JUnitReportReporter -->
<testsuite hostname="LTIN518716" failures="0" tests="3" name="testCases.TC_003_GymsSubList" time="3.745" errors="0" timestamp="2024-03-10T21:05:41 IST" skipped="0">
  <testcase classname="testCases.TC_003_GymsSubList" name="clickGymSection" time="0.075"/>
  <testcase classname="testCases.TC_003_GymsSubList" name="printGymSubList" time="2.892"/>
  <testcase classname="testCases.TC_003_GymsSubList" name="printSubMenuList" time="0.778"/>
</testsuite> <!-- testCases.TC_003_GymsSubList -->
