<?xml version="1.0" encoding="UTF-8"?>
<!-- Generated by org.testng.reporters.JUnitReportReporter -->
<testsuite hostname="LTIN518716" failures="0" tests="4" name="testCases.TC_002_LauchFreeListing" time="0.000" errors="0" timestamp="2024-03-06T10:54:21 IST" skipped="4">
  <testcase classname="testCases.TC_002_LauchFreeListing" name="launchFreeListing" time="0.000">
    <skipped/>
  </testcase> <!-- launchFreeListing -->
  <testcase classname="testCases.TC_002_LauchFreeListing" name="clickStartNowBtn" time="0.000">
    <skipped/>
  </testcase> <!-- clickStartNowBtn -->
  <testcase classname="testCases.TC_002_LauchFreeListing" name="printInvalidMessage" time="0.000">
    <skipped/>
  </testcase> <!-- printInvalidMessage -->
  <testcase classname="testCases.TC_002_LauchFreeListing" name="navigateBack" time="0.000">
    <skipped/>
  </testcase> <!-- navigateBack -->
</testsuite> <!-- testCases.TC_002_LauchFreeListing -->
