<?xml version="1.0" encoding="UTF-8"?>
<!-- Generated by org.testng.reporters.JUnitReportReporter -->
<testsuite hostname="LTIN518716" failures="0" tests="5" name="testCases.TC_001_CarWashingSrvcsDetails" time="34.874" errors="0" timestamp="2024-03-10T21:05:41 IST" skipped="0">
  <testcase classname="testCases.TC_001_CarWashingSrvcsDetails" name="checkLocation" time="8.292"/>
  <testcase classname="testCases.TC_001_CarWashingSrvcsDetails" name="searchCarWashingSrvcs" time="7.316"/>
  <testcase classname="testCases.TC_001_CarWashingSrvcsDetails" name="applyFilters" time="2.316"/>
  <testcase classname="testCases.TC_001_CarWashingSrvcsDetails" name="clickContactButton" time="14.212"/>
  <testcase classname="testCases.TC_001_CarWashingSrvcsDetails" name="printCarWashingSrvcsDetails" time="2.738"/>
</testsuite> <!-- testCases.TC_001_CarWashingSrvcsDetails -->
