<?xml version="1.0" encoding="UTF-8"?>
<!-- Generated by org.testng.reporters.JUnitReportReporter -->
<testsuite hostname="LTIN518716" failures="0" tests="4" name="testCases.TC_002_LauchFreeListing" time="8.270" errors="0" timestamp="2024-03-10T21:05:41 IST" skipped="0">
  <testcase classname="testCases.TC_002_LauchFreeListing" name="launchFreeListing" time="3.135"/>
  <testcase classname="testCases.TC_002_LauchFreeListing" name="clickStartNowBtn" time="2.046"/>
  <testcase classname="testCases.TC_002_LauchFreeListing" name="printInvalidMessage" time="2.023"/>
  <testcase classname="testCases.TC_002_LauchFreeListing" name="navigateBack" time="1.066"/>
</testsuite> <!-- testCases.TC_002_LauchFreeListing -->
