<?xml version="1.0" encoding="UTF-8"?>
<!-- Generated by org.testng.reporters.JUnitReportReporter -->
<testsuite hostname="LTIN518716" failures="0" tests="3" name="testCases.TC_003_GymsSubList" time="0.000" errors="0" timestamp="2024-03-06T10:54:21 IST" skipped="3">
  <testcase classname="testCases.TC_003_GymsSubList" name="clickGymSection" time="0.000">
    <skipped/>
  </testcase> <!-- clickGymSection -->
  <testcase classname="testCases.TC_003_GymsSubList" name="printGymSubList" time="0.000">
    <skipped/>
  </testcase> <!-- printGymSubList -->
  <testcase classname="testCases.TC_003_GymsSubList" name="printSubMenuList" time="0.000">
    <skipped/>
  </testcase> <!-- printSubMenuList -->
</testsuite> <!-- testCases.TC_003_GymsSubList -->
